<?xml version="1.0" encoding="UTF-8"?>
<!-- Generated by org.testng.reporters.JUnitXMLReporter -->
<testsuite ignored="0" hostname="Dheekshika" failures="1" tests="5" name="Login Page Test" time="112.381" errors="0" timestamp="2024-01-14T16:12:57 IST">
  <testcase classname="com.qa.opencart.test.LoginPageTest" name="loginPgTitle" time="1.559"/>
  <testcase classname="com.qa.opencart.test.LoginPageTest" name="loginPgURLTest" time="1.749"/>
  <testcase classname="com.qa.opencart.test.LoginPageTest" name="forgotLinkTest" time="2.7"/>
  <testcase classname="com.qa.opencart.test.LoginPageTest" name="isRegisterLink" time="1.415"/>
  <testcase classname="com.qa.opencart.test.LoginPageTest" name="loginTest" time="14.471">
    <failure type="org.openqa.selenium.NoSuchElementException" message="The element with the reference 38B53A369FFC2D432385AB0F4197EC7A_element_76 is not known in the current browsing context
For documentation on this error, please visit: https://www.selenium.dev/documentation/webdriver/troubleshooting/errors#no-such-element-exception
Build info: version: &amp;apos;4.15.0&amp;apos;, revision: &amp;apos;1d14b5521b&amp;apos;
System info: os.name: &amp;apos;Windows 11&amp;apos;, os.arch: &amp;apos;amd64&amp;apos;, os.version: &amp;apos;10.0&amp;apos;, java.version: &amp;apos;11.0.19&amp;apos;
Driver info: org.openqa.selenium.remote.RemoteWebDriver
Command: [9b74b18a-5645-44c5-85d5-c6c492e46650, executeScript {script=arguments[0].style.backgroundColor = &amp;apos;rgb(0,200,0)&amp;apos;, args=[{element-6066-11e4-a52e-4f735466cecf=38B53A369FFC2D432385AB0F4197EC7A_element_76}]}]
Capabilities {acceptInsecureCerts: true, browserName: firefox, browserVersion: 120.0.1, moz:accessibilityChecks: false, moz:buildID: 20231129155202, moz:debuggerAddress: 127.0.0.1:29902, moz:firefoxOptions: {args: [--headlesss]}, moz:geckodriverVersion: 0.33.0, moz:headless: false, moz:platformVersion: 5.15.133.1-microsoft-standa..., moz:processID: 3989, moz:profile: /tmp/rust_mozprofileiYaZFb, moz:shutdownTimeout: 60000, moz:webdriverClick: true, moz:windowless: false, pageLoadStrategy: normal, platformName: linux, proxy: Proxy(), se:bidiEnabled: false, se:cdp: ws://172.18.0.5:4444/sessio..., se:cdpVersion: 85.0, se:noVncPort: 7900, se:vnc: ws://172.18.0.5:4444/sessio..., se:vncEnabled: true, se:vncLocalAddress: ws://172.18.0.5:7900, setWindowRect: true, strictFileInteractability: false, timeouts: {implicit: 0, pageLoad: 300000, script: 30000}, unhandledPromptBehavior: dismiss and notify}
Session ID: 9b74b18a-5645-44c5-85d5-c6c492e46650">
      <![CDATA[org.openqa.selenium.NoSuchElementException: The element with the reference 38B53A369FFC2D432385AB0F4197EC7A_element_76 is not known in the current browsing context
For documentation on this error, please visit: https://www.selenium.dev/documentation/webdriver/troubleshooting/errors#no-such-element-exception
Build info: version: '4.15.0', revision: '1d14b5521b'
System info: os.name: 'Windows 11', os.arch: 'amd64', os.version: '10.0', java.version: '11.0.19'
Driver info: org.openqa.selenium.remote.RemoteWebDriver
Command: [9b74b18a-5645-44c5-85d5-c6c492e46650, executeScript {script=arguments[0].style.backgroundColor = 'rgb(0,200,0)', args=[{element-6066-11e4-a52e-4f735466cecf=38B53A369FFC2D432385AB0F4197EC7A_element_76}]}]
Capabilities {acceptInsecureCerts: true, browserName: firefox, browserVersion: 120.0.1, moz:accessibilityChecks: false, moz:buildID: 20231129155202, moz:debuggerAddress: 127.0.0.1:29902, moz:firefoxOptions: {args: [--headlesss]}, moz:geckodriverVersion: 0.33.0, moz:headless: false, moz:platformVersion: 5.15.133.1-microsoft-standa..., moz:processID: 3989, moz:profile: /tmp/rust_mozprofileiYaZFb, moz:shutdownTimeout: 60000, moz:webdriverClick: true, moz:windowless: false, pageLoadStrategy: normal, platformName: linux, proxy: Proxy(), se:bidiEnabled: false, se:cdp: ws://172.18.0.5:4444/sessio..., se:cdpVersion: 85.0, se:noVncPort: 7900, se:vnc: ws://172.18.0.5:4444/sessio..., se:vncEnabled: true, se:vncLocalAddress: ws://172.18.0.5:7900, setWindowRect: true, strictFileInteractability: false, timeouts: {implicit: 0, pageLoad: 300000, script: 30000}, unhandledPromptBehavior: dismiss and notify}
Session ID: 9b74b18a-5645-44c5-85d5-c6c492e46650
at java.base/jdk.internal.reflect.NativeConstructorAccessorImpl.newInstance0(Native Method)
at java.base/jdk.internal.reflect.NativeConstructorAccessorImpl.newInstance(NativeConstructorAccessorImpl.java:62)
at java.base/jdk.internal.reflect.DelegatingConstructorAccessorImpl.newInstance(DelegatingConstructorAccessorImpl.java:45)
at java.base/java.lang.reflect.Constructor.newInstance(Constructor.java:490)
at org.openqa.selenium.remote.codec.w3c.W3CHttpResponseCodec.createException(W3CHttpResponseCodec.java:200)
at org.openqa.selenium.remote.codec.w3c.W3CHttpResponseCodec.decode(W3CHttpResponseCodec.java:133)
at org.openqa.selenium.remote.codec.w3c.W3CHttpResponseCodec.decode(W3CHttpResponseCodec.java:52)
at org.openqa.selenium.remote.HttpCommandExecutor.execute(HttpCommandExecutor.java:191)
at org.openqa.selenium.remote.TracedCommandExecutor.execute(TracedCommandExecutor.java:51)
at org.openqa.selenium.remote.RemoteWebDriver.execute(RemoteWebDriver.java:607)
at org.openqa.selenium.remote.RemoteWebDriver.executeScript(RemoteWebDriver.java:472)
at Utilities.JavaScriptUtil.changeColor(JavaScriptUtil.java:25)
at Utilities.JavaScriptUtil.flash(JavaScriptUtil.java:19)
at Utilities.WebElementUtil.getElement(WebElementUtil.java:94)
at Utilities.WebElementUtil.doClick(WebElementUtil.java:129)
at com.qa.opencart.pages.LoginPage.doLogin(LoginPage.java:61)
at com.qa.opencart.test.LoginPageTest.loginTest(LoginPageTest.java:61)
at java.base/jdk.internal.reflect.NativeMethodAccessorImpl.invoke0(Native Method)
at java.base/jdk.internal.reflect.NativeMethodAccessorImpl.invoke(NativeMethodAccessorImpl.java:62)
at java.base/jdk.internal.reflect.DelegatingMethodAccessorImpl.invoke(DelegatingMethodAccessorImpl.java:43)
at java.base/java.lang.reflect.Method.invoke(Method.java:566)
at org.testng.internal.MethodInvocationHelper.invokeMethod(MethodInvocationHelper.java:133)
at org.testng.internal.TestInvoker.invokeMethod(TestInvoker.java:598)
at org.testng.internal.TestInvoker.invokeTestMethod(TestInvoker.java:173)
at org.testng.internal.MethodRunner.runInSequence(MethodRunner.java:46)
at org.testng.internal.TestInvoker$MethodInvocationAgent.invoke(TestInvoker.java:824)
at org.testng.internal.TestInvoker.invokeTestMethods(TestInvoker.java:146)
at org.testng.internal.TestMethodWorker.invokeTestMethods(TestMethodWorker.java:146)
at org.testng.internal.TestMethodWorker.run(TestMethodWorker.java:128)
at java.base/java.util.ArrayList.forEach(ArrayList.java:1541)
at org.testng.TestRunner.privateRun(TestRunner.java:794)
at org.testng.TestRunner.run(TestRunner.java:596)
at org.testng.SuiteRunner.runTest(SuiteRunner.java:377)
at org.testng.SuiteRunner.access$000(SuiteRunner.java:28)
at org.testng.SuiteRunner$SuiteWorker.run(SuiteRunner.java:418)
at org.testng.internal.thread.ThreadUtil.lambda$execute$0(ThreadUtil.java:64)
at java.base/java.util.concurrent.FutureTask.run(FutureTask.java:264)
at java.base/java.util.concurrent.ThreadPoolExecutor.runWorker(ThreadPoolExecutor.java:1128)
at java.base/java.util.concurrent.ThreadPoolExecutor$Worker.run(ThreadPoolExecutor.java:628)
at java.base/java.lang.Thread.run(Thread.java:834)
]]>
    </failure>
  </testcase> <!-- loginTest -->
</testsuite> <!-- Login Page Test -->
