<?xml version="1.0" encoding="UTF-8"?>
<!-- Generated by org.testng.reporters.JUnitReportReporter -->
<testsuite hostname="Dheekshika" failures="0" tests="6" name="com.qa.opencart.test.LoginPageTest" time="-1703396224.000" errors="1" timestamp="2023-12-24T11:06:29 IST" skipped="5">
  <testcase classname="com.qa.opencart.test.LoginPageTest" name="setup" time="-1703396224.000">
    <error message="
Parameter &#039;browser&#039; is required by BeforeTest on method setup but has not been marked @Optional or defined
in C:\Users\prabh\AppData\Local\Temp\testng-eclipse--701194420\testng-customsuite.xml" type="org.testng.TestNGException">
      <![CDATA[org.testng.TestNGException: 
Parameter 'browser' is required by BeforeTest on method setup but has not been marked @Optional or defined
in C:\Users\prabh\AppData\Local\Temp\testng-eclipse--701194420\testng-customsuite.xml
at org.testng.internal.Parameters.createParams(Parameters.java:270)
at org.testng.internal.Parameters.createParametersForMethod(Parameters.java:358)
at org.testng.internal.Parameters.createParameters(Parameters.java:700)
at org.testng.internal.Parameters.createConfigurationParameters(Parameters.java:168)
at org.testng.internal.ConfigInvoker.invokeConfigurations(ConfigInvoker.java:302)
at org.testng.TestRunner.invokeTestConfigurations(TestRunner.java:637)
at org.testng.TestRunner.beforeRun(TestRunner.java:627)
at org.testng.TestRunner.run(TestRunner.java:589)
at org.testng.SuiteRunner.runTest(SuiteRunner.java:377)
at org.testng.SuiteRunner.runSequentially(SuiteRunner.java:371)
at org.testng.SuiteRunner.privateRun(SuiteRunner.java:332)
at org.testng.SuiteRunner.run(SuiteRunner.java:276)
at org.testng.SuiteRunnerWorker.runSuite(SuiteRunnerWorker.java:53)
at org.testng.SuiteRunnerWorker.run(SuiteRunnerWorker.java:96)
at org.testng.TestNG.runSuitesSequentially(TestNG.java:1212)
at org.testng.TestNG.runSuitesLocally(TestNG.java:1134)
at org.testng.TestNG.runSuites(TestNG.java:1063)
at org.testng.TestNG.run(TestNG.java:1031)
at org.testng.remote.AbstractRemoteTestNG.run(AbstractRemoteTestNG.java:115)
at org.testng.remote.RemoteTestNG.initAndRun(RemoteTestNG.java:251)
at org.testng.remote.RemoteTestNG.main(RemoteTestNG.java:77)
]]>
    </error>
  </testcase> <!-- setup -->
  <system-out/>
  <testcase classname="com.qa.opencart.test.LoginPageTest" name="loginPgTitle" time="0.000">
    <skipped/>
  </testcase> <!-- loginPgTitle -->
  <system-out/>
  <testcase classname="com.qa.opencart.test.LoginPageTest" name="loginPgURLTest" time="0.000">
    <skipped/>
  </testcase> <!-- loginPgURLTest -->
  <system-out/>
  <testcase classname="com.qa.opencart.test.LoginPageTest" name="forgotLinkTest" time="0.000">
    <skipped/>
  </testcase> <!-- forgotLinkTest -->
  <system-out/>
  <testcase classname="com.qa.opencart.test.LoginPageTest" name="isRegisterLink" time="0.000">
    <skipped/>
  </testcase> <!-- isRegisterLink -->
  <system-out/>
  <testcase classname="com.qa.opencart.test.LoginPageTest" name="loginTest" time="0.000">
    <skipped/>
  </testcase> <!-- loginTest -->
  <system-out/>
</testsuite> <!-- com.qa.opencart.test.LoginPageTest -->
